Determining if the pthread_create exist failed with the following output:
Change Dir: /home/pi/Desktop/cpp_dev/git/cpp_code/cpp_dev/opencv/build/CMakeFiles/CMakeTmp

Run Build Command:"/usr/bin/make" "cmTC_2a37f/fast"
/usr/bin/make -f CMakeFiles/cmTC_2a37f.dir/build.make CMakeFiles/cmTC_2a37f.dir/build
make[1]: Entering directory '/home/pi/Desktop/cpp_dev/git/cpp_code/cpp_dev/opencv/build/CMakeFiles/CMakeTmp'
Building C object CMakeFiles/cmTC_2a37f.dir/CheckSymbolExists.c.o
/usr/bin/cc    -Wall -Wextra -Werror    -o CMakeFiles/cmTC_2a37f.dir/CheckSymbolExists.c.o   -c /home/pi/Desktop/cpp_dev/git/cpp_code/cpp_dev/opencv/build/CMakeFiles/CMakeTmp/CheckSymbolExists.c
Linking C executable cmTC_2a37f
/usr/bin/cmake -E cmake_link_script CMakeFiles/cmTC_2a37f.dir/link.txt --verbose=1
/usr/bin/cc  -Wall -Wextra -Werror     CMakeFiles/cmTC_2a37f.dir/CheckSymbolExists.c.o  -o cmTC_2a37f -rdynamic 
CMakeFiles/cmTC_2a37f.dir/CheckSymbolExists.c.o: In function `main':
CheckSymbolExists.c:(.text+0x38): undefined reference to `pthread_create'
collect2: error: ld returned 1 exit status
CMakeFiles/cmTC_2a37f.dir/build.make:97: recipe for target 'cmTC_2a37f' failed
make[1]: *** [cmTC_2a37f] Error 1
make[1]: Leaving directory '/home/pi/Desktop/cpp_dev/git/cpp_code/cpp_dev/opencv/build/CMakeFiles/CMakeTmp'
Makefile:126: recipe for target 'cmTC_2a37f/fast' failed
make: *** [cmTC_2a37f/fast] Error 2

File /home/pi/Desktop/cpp_dev/git/cpp_code/cpp_dev/opencv/build/CMakeFiles/CMakeTmp/CheckSymbolExists.c:
/* */
#include <pthread.h>

int main(int argc, char** argv)
{
  (void)argv;
#ifndef pthread_create
  return ((int*)(&pthread_create))[argc];
#else
  (void)argc;
  return 0;
#endif
}

Determining if the function pthread_create exists in the pthreads failed with the following output:
Change Dir: /home/pi/Desktop/cpp_dev/git/cpp_code/cpp_dev/opencv/build/CMakeFiles/CMakeTmp

Run Build Command:"/usr/bin/make" "cmTC_eb487/fast"
/usr/bin/make -f CMakeFiles/cmTC_eb487.dir/build.make CMakeFiles/cmTC_eb487.dir/build
make[1]: Entering directory '/home/pi/Desktop/cpp_dev/git/cpp_code/cpp_dev/opencv/build/CMakeFiles/CMakeTmp'
Building C object CMakeFiles/cmTC_eb487.dir/CheckFunctionExists.c.o
/usr/bin/cc    -Wall -Wextra -Werror -DCHECK_FUNCTION_EXISTS=pthread_create   -o CMakeFiles/cmTC_eb487.dir/CheckFunctionExists.c.o   -c /usr/share/cmake-3.7/Modules/CheckFunctionExists.c
Linking C executable cmTC_eb487
/usr/bin/cmake -E cmake_link_script CMakeFiles/cmTC_eb487.dir/link.txt --verbose=1
/usr/bin/cc  -Wall -Wextra -Werror -DCHECK_FUNCTION_EXISTS=pthread_create    CMakeFiles/cmTC_eb487.dir/CheckFunctionExists.c.o  -o cmTC_eb487 -rdynamic -lpthreads 
/usr/bin/ld: cannot find -lpthreads
collect2: error: ld returned 1 exit status
CMakeFiles/cmTC_eb487.dir/build.make:97: recipe for target 'cmTC_eb487' failed
make[1]: *** [cmTC_eb487] Error 1
make[1]: Leaving directory '/home/pi/Desktop/cpp_dev/git/cpp_code/cpp_dev/opencv/build/CMakeFiles/CMakeTmp'
Makefile:126: recipe for target 'cmTC_eb487/fast' failed
make: *** [cmTC_eb487/fast] Error 2


