\BOOKMARK [0][-]{chapter.1}{Introduction}{}% 1
\BOOKMARK [0][-]{chapter.2}{Description of the hand in digital space}{}% 2
\BOOKMARK [1][-]{section.2.1}{Physiological structure of the human hand}{chapter.2}% 3
\BOOKMARK [2][-]{subsection.2.1.1}{Constraints in hand motion}{section.2.1}% 4
\BOOKMARK [1][-]{section.2.2}{Kinematics}{chapter.2}% 5
\BOOKMARK [2][-]{subsection.2.2.1}{Forward Kinematics}{section.2.2}% 6
\BOOKMARK [2][-]{subsection.2.2.2}{Inverse kinematics}{section.2.2}% 7
\BOOKMARK [2][-]{subsection.2.2.3}{Jacobian-based methods}{section.2.2}% 8
\BOOKMARK [2][-]{subsection.2.2.4}{Singular Value Decomposition}{section.2.2}% 9
\BOOKMARK [2][-]{subsection.2.2.5}{Damped Least Squares}{section.2.2}% 10
\BOOKMARK [2][-]{subsection.2.2.6}{Newton Methods}{section.2.2}% 11
\BOOKMARK [2][-]{subsection.2.2.7}{FABRIK Algorithm}{section.2.2}% 12
\BOOKMARK [0][-]{chapter.3}{Tracking in real space}{}% 13
\BOOKMARK [1][-]{section.3.1}{General tracking technologies}{chapter.3}% 14
\BOOKMARK [2][-]{subsection.3.1.1}{Optical tracking}{section.3.1}% 15
\BOOKMARK [2][-]{subsection.3.1.2}{Magnetic tracking}{section.3.1}% 16
\BOOKMARK [2][-]{subsection.3.1.3}{Accoustic tracking}{section.3.1}% 17
\BOOKMARK [1][-]{section.3.2}{Hand tracking Systems}{chapter.3}% 18
\BOOKMARK [2][-]{subsection.3.2.1}{Sensor based}{section.3.2}% 19
\BOOKMARK [2][-]{subsection.3.2.2}{Appearance Based - Optical marker}{section.3.2}% 20
\BOOKMARK [2][-]{subsection.3.2.3}{Model Based - Image analysis}{section.3.2}% 21
\BOOKMARK [0][-]{chapter.4}{Digital hand models}{}% 22
\BOOKMARK [0][-]{chapter.5}{System prequisites}{}% 23
\BOOKMARK [1][-]{section.5.1}{Display}{chapter.5}% 24
\BOOKMARK [1][-]{section.5.2}{Tracking technology}{chapter.5}% 25
\BOOKMARK [1][-]{section.5.3}{Tracking Hardware}{chapter.5}% 26
\BOOKMARK [1][-]{section.5.4}{Data cleaning}{chapter.5}% 27
\BOOKMARK [1][-]{section.5.5}{Image analysis}{chapter.5}% 28
\BOOKMARK [1][-]{section.5.6}{Inverse kinematics}{chapter.5}% 29
\BOOKMARK [1][-]{section.5.7}{Hand model}{chapter.5}% 30
\BOOKMARK [0][-]{chapter.6}{System conception}{}% 31
\BOOKMARK [1][-]{section.6.1}{Technical conception}{chapter.6}% 32
\BOOKMARK [1][-]{section.6.2}{Image Analysis with OpenCV 3 and Python on the Raspberry}{chapter.6}% 33
\BOOKMARK [2][-]{subsection.6.2.1}{System Parameters}{section.6.2}% 34
\BOOKMARK [2][-]{subsection.6.2.2}{Image acquisition from camera}{section.6.2}% 35
\BOOKMARK [2][-]{subsection.6.2.3}{Image conversion to HSV colorspace}{section.6.2}% 36
\BOOKMARK [2][-]{subsection.6.2.4}{Mask construction and filtering}{section.6.2}% 37
\BOOKMARK [2][-]{subsection.6.2.5}{Contour finding and position calculation}{section.6.2}% 38
\BOOKMARK [2][-]{subsection.6.2.6}{Sending of positional data via network as UPD package}{section.6.2}% 39
\BOOKMARK [2][-]{subsection.6.2.7}{object tracking}{section.6.2}% 40
\BOOKMARK [1][-]{section.6.3}{Stereoscopic calculations}{chapter.6}% 41
\BOOKMARK [2][-]{subsection.6.3.1}{Depth calculation}{section.6.3}% 42
\BOOKMARK [0][-]{chapter.7}{System Evaluation}{}% 43
\BOOKMARK [1][-]{section.7.1}{Image processing performance}{chapter.7}% 44
\BOOKMARK [2][-]{subsection.7.1.1}{ROI size and color accuracy}{section.7.1}% 45
\BOOKMARK [2][-]{subsection.7.1.2}{Depth measurement accuracy}{section.7.1}% 46
\BOOKMARK [0][-]{chapter.8}{Resume}{}% 47
\BOOKMARK [0][-]{chapter*.55}{Abbildungsverzeichnis}{}% 48
\BOOKMARK [0][-]{chapter*.56}{Tabellenverzeichnis}{}% 49
\BOOKMARK [0][-]{chapter*.56}{Literaturverzeichnis}{}% 50
\BOOKMARK [0][-]{chapter.9}{Appendix}{}% 51
